# JRE version: Java(TM) SE Runtime Environment (8.0_144-b01) (build 1.8.0_144-b01)
# Java VM: Java HotSpot(TM) 64-Bit Server VM (25.144-b01 mixed mode windows-amd64 compressed oops)
Heap:
 PSYoungGen      total 94208K, used 22689K [0x00000000daf80000, 0x00000000e1d80000, 0x0000000100000000)
  eden space 91648K, 22% used [0x00000000daf80000,0x00000000dc35bbb0,0x00000000e0900000)
  from space 2560K, 91% used [0x00000000e1780000,0x00000000e19ccc40,0x00000000e1a00000)
  to   space 3584K, 0% used [0x00000000e1a00000,0x00000000e1a00000,0x00000000e1d80000)
 ParOldGen       total 205312K, used 90963K [0x0000000090e00000, 0x000000009d680000, 0x00000000daf80000)
  object space 205312K, 44% used [0x0000000090e00000,0x00000000966d4d68,0x000000009d680000)
 Metaspace       used 10044K, capacity 10262K, committed 10496K, reserved 1058816K
  class space    used 1121K, capacity 1196K, committed 1280K, reserved 1048576K
GC Heap History (10 events):
Event: 216.691 GC heap before
{Heap before GC invocations=15 (full 2):
 PSYoungGen      total 106496K, used 106387K [0x00000000daf80000, 0x00000000e1d00000, 0x0000000100000000)
  eden space 103936K, 100% used [0x00000000daf80000,0x00000000e1500000,0x00000000e1500000)
  from space 2560K, 95% used [0x00000000e1a80000,0x00000000e1ce4c60,0x00000000e1d00000)
  to   space 4096K, 0% used [0x00000000e1500000,0x00000000e1500000,0x00000000e1900000)
 ParOldGen       total 205312K, used 90954K [0x0000000090e00000, 0x000000009d680000, 0x00000000daf80000)
  object space 205312K, 44% used [0x0000000090e00000,0x00000000966d2808,0x000000009d680000)
 Metaspace       used 9830K, capacity 10006K, committed 10240K, reserved 1058816K
  class space    used 1113K, capacity 1196K, committed 1280K, reserved 1048576K
Event: 216.707 GC heap after
Heap after GC invocations=15 (full 2):
 PSYoungGen      total 108032K, used 2371K [0x00000000daf80000, 0x00000000e2400000, 0x0000000100000000)
  eden space 103936K, 0% used [0x00000000daf80000,0x00000000daf80000,0x00000000e1500000)
  from space 4096K, 57% used [0x00000000e1500000,0x00000000e1750c50,0x00000000e1900000)
  to   space 4096K, 0% used [0x00000000e2000000,0x00000000e2000000,0x00000000e2400000)
 ParOldGen       total 205312K, used 90954K [0x0000000090e00000, 0x000000009d680000, 0x00000000daf80000)
  object space 205312K, 44% used [0x0000000090e00000,0x00000000966d2808,0x000000009d680000)
 Metaspace       used 9830K, capacity 10006K, committed 10240K, reserved 1058816K
  class space    used 1113K, capacity 1196K, committed 1280K, reserved 1048576K
}
Event: 275.892 GC heap before
{Heap before GC invocations=16 (full 2):
 PSYoungGen      total 108032K, used 106307K [0x00000000daf80000, 0x00000000e2400000, 0x0000000100000000)
  eden space 103936K, 100% used [0x00000000daf80000,0x00000000e1500000,0x00000000e1500000)
  from space 4096K, 57% used [0x00000000e1500000,0x00000000e1750c50,0x00000000e1900000)
  to   space 4096K, 0% used [0x00000000e2000000,0x00000000e2000000,0x00000000e2400000)
 ParOldGen       total 205312K, used 90954K [0x0000000090e00000, 0x000000009d680000, 0x00000000daf80000)
  object space 205312K, 44% used [0x0000000090e00000,0x00000000966d2808,0x000000009d680000)
 Metaspace       used 9845K, capacity 10006K, committed 10240K, reserved 1058816K
  class space    used 1113K, capacity 1196K, committed 1280K, reserved 1048576K
Event: 275.904 GC heap after
Heap after GC invocations=16 (full 2):
 PSYoungGen      total 103424K, used 2403K [0x00000000daf80000, 0x00000000e2280000, 0x0000000100000000)
  eden space 100864K, 0% used [0x00000000daf80000,0x00000000daf80000,0x00000000e1200000)
  from space 2560K, 93% used [0x00000000e2000000,0x00000000e2258c50,0x00000000e2280000)
  to   space 4096K, 0% used [0x00000000e1a80000,0x00000000e1a80000,0x00000000e1e80000)
 ParOldGen       total 205312K, used 90962K [0x0000000090e00000, 0x000000009d680000, 0x00000000daf80000)
  object space 205312K, 44% used [0x0000000090e00000,0x00000000966d4808,0x000000009d680000)
 Metaspace       used 9845K, capacity 10006K, committed 10240K, reserved 1058816K
  class space    used 1113K, capacity 1196K, committed 1280K, reserved 1048576K
}
Event: 330.670 GC heap before
{Heap before GC invocations=17 (full 2):
 PSYoungGen      total 103424K, used 103267K [0x00000000daf80000, 0x00000000e2280000, 0x0000000100000000)
  eden space 100864K, 100% used [0x00000000daf80000,0x00000000e1200000,0x00000000e1200000)
  from space 2560K, 93% used [0x00000000e2000000,0x00000000e2258c50,0x00000000e2280000)
  to   space 4096K, 0% used [0x00000000e1a80000,0x00000000e1a80000,0x00000000e1e80000)
 ParOldGen       total 205312K, used 90962K [0x0000000090e00000, 0x000000009d680000, 0x00000000daf80000)
  object space 205312K, 44% used [0x0000000090e00000,0x00000000966d4838,0x000000009d680000)
 Metaspace       used 9923K, capacity 10134K, committed 10240K, reserved 1058816K
  class space    used 1116K, capacity 1196K, committed 1280K, reserved 1048576K
Event: 330.692 GC heap after
Heap after GC invocations=17 (full 2):
 PSYoungGen      total 100352K, used 2323K [0x00000000daf80000, 0x00000000e2080000, 0x0000000100000000)
  eden space 97792K, 0% used [0x00000000daf80000,0x00000000daf80000,0x00000000e0f00000)
  from space 2560K, 90% used [0x00000000e1a80000,0x00000000e1cc4c40,0x00000000e1d00000)
  to   space 3584K, 0% used [0x00000000e1d00000,0x00000000e1d00000,0x00000000e2080000)
 ParOldGen       total 205312K, used 90962K [0x0000000090e00000, 0x000000009d680000, 0x00000000daf80000)
  object space 205312K, 44% used [0x0000000090e00000,0x00000000966d4838,0x000000009d680000)
 Metaspace       used 9923K, capacity 10134K, committed 10240K, reserved 1058816K
  class space    used 1116K, capacity 1196K, committed 1280K, reserved 1048576K
}
Event: 420.952 GC heap before
{Heap before GC invocations=18 (full 2):
 PSYoungGen      total 100352K, used 100115K [0x00000000daf80000, 0x00000000e2080000, 0x0000000100000000)
  eden space 97792K, 100% used [0x00000000daf80000,0x00000000e0f00000,0x00000000e0f00000)
  from space 2560K, 90% used [0x00000000e1a80000,0x00000000e1cc4c40,0x00000000e1d00000)
  to   space 3584K, 0% used [0x00000000e1d00000,0x00000000e1d00000,0x00000000e2080000)
 ParOldGen       total 205312K, used 90963K [0x0000000090e00000, 0x000000009d680000, 0x00000000daf80000)
  object space 205312K, 44% used [0x0000000090e00000,0x00000000966d4d68,0x000000009d680000)
 Metaspace       used 9996K, capacity 10198K, committed 10496K, reserved 1058816K
  class space    used 1119K, capacity 1196K, committed 1280K, reserved 1048576K
Event: 420.960 GC heap after
Heap after GC invocations=18 (full 2):
 PSYoungGen      total 97280K, used 2355K [0x00000000daf80000, 0x00000000e1f80000, 0x0000000100000000)
  eden space 94720K, 0% used [0x00000000daf80000,0x00000000daf80000,0x00000000e0c00000)
  from space 2560K, 91% used [0x00000000e1d00000,0x00000000e1f4cc40,0x00000000e1f80000)
  to   space 4096K, 0% used [0x00000000e1780000,0x00000000e1780000,0x00000000e1b80000)
 ParOldGen       total 205312K, used 90963K [0x0000000090e00000, 0x000000009d680000, 0x00000000daf80000)
  object space 205312K, 44% used [0x0000000090e00000,0x00000000966d4d68,0x000000009d680000)
 Metaspace       used 9996K, capacity 10198K, committed 10496K, reserved 1058816K
  class space    used 1119K, capacity 1196K, committed 1280K, reserved 1048576K
}
Event: 510.664 GC heap before
{Heap before GC invocations=19 (full 2):
 PSYoungGen      total 97280K, used 97075K [0x00000000daf80000, 0x00000000e1f80000, 0x0000000100000000)
  eden space 94720K, 100% used [0x00000000daf80000,0x00000000e0c00000,0x00000000e0c00000)
  from space 2560K, 91% used [0x00000000e1d00000,0x00000000e1f4cc40,0x00000000e1f80000)
  to   space 4096K, 0% used [0x00000000e1780000,0x00000000e1780000,0x00000000e1b80000)
 ParOldGen       total 205312K, used 90963K [0x0000000090e00000, 0x000000009d680000, 0x00000000daf80000)
  object space 205312K, 44% used [0x0000000090e00000,0x00000000966d4d68,0x000000009d680000)
 Metaspace       used 10038K, capacity 10262K, committed 10496K, reserved 1058816K
  class space    used 1120K, capacity 1196K, committed 1280K, reserved 1048576K
Event: 510.677 GC heap after
Heap after GC invocations=19 (full 2):
 PSYoungGen      total 94208K, used 2355K [0x00000000daf80000, 0x00000000e1d80000, 0x0000000100000000)
  eden space 91648K, 0% used [0x00000000daf80000,0x00000000daf80000,0x00000000e0900000)
  from space 2560K, 91% used [0x00000000e1780000,0x00000000e19ccc40,0x00000000e1a00000)
  to   space 3584K, 0% used [0x00000000e1a00000,0x00000000e1a00000,0x00000000e1d80000)
 ParOldGen       total 205312K, used 90963K [0x0000000090e00000, 0x000000009d680000, 0x00000000daf80000)
  object space 205312K, 44% used [0x0000000090e00000,0x00000000966d4d68,0x000000009d680000)
 Metaspace       used 10038K, capacity 10262K, committed 10496K, reserved 1058816K
  class space    used 1120K, capacity 1196K, committed 1280K, reserved 1048576K
}

